D:\CODING\VSPROJECT\BOOTOS\BOOTOS\DEBUG\BOOTOS.EXE.EMBED.MANIFEST
D:\CODING\VSPROJECT\BOOTOS\BOOTOS\DEBUG\BOOTOS.EXE.EMBED.MANIFEST.RES
D:\CODING\VSPROJECT\BOOTOS\BOOTOS\DEBUG\BOOTOS.EXE.INTERMEDIATE.MANIFEST
D:\Coding\Vsproject\bootos\bootos\Debug\bootos.write.1.tlog
D:\Coding\Vsproject\bootos\bootos\Debug\bootos_manifest.rc
D:\Coding\Vsproject\bootos\bootos\Debug\cl.command.1.tlog
D:\Coding\Vsproject\bootos\bootos\Debug\CL.read.1.tlog
D:\Coding\Vsproject\bootos\bootos\Debug\CL.write.1.tlog
D:\CODING\VSPROJECT\BOOTOS\BOOTOS\DEBUG\COMMON.OBJ
D:\CODING\VSPROJECT\BOOTOS\BOOTOS\DEBUG\CONFIG_READER.OBJ
D:\CODING\VSPROJECT\BOOTOS\BOOTOS\DEBUG\HEARTBEAT.OBJ
D:\Coding\Vsproject\bootos\bootos\Debug\link.12352.read.1.tlog
D:\Coding\Vsproject\bootos\bootos\Debug\link.12352.write.1.tlog
D:\Coding\Vsproject\bootos\bootos\Debug\link.12352-cvtres.read.1.tlog
D:\Coding\Vsproject\bootos\bootos\Debug\link.12352-cvtres.write.1.tlog
D:\Coding\Vsproject\bootos\bootos\Debug\link.17540.read.1.tlog
D:\Coding\Vsproject\bootos\bootos\Debug\link.17540.write.1.tlog
D:\Coding\Vsproject\bootos\bootos\Debug\link.17540-cvtres.read.1.tlog
D:\Coding\Vsproject\bootos\bootos\Debug\link.17540-cvtres.write.1.tlog
D:\Coding\Vsproject\bootos\bootos\Debug\link.3408.read.1.tlog
D:\Coding\Vsproject\bootos\bootos\Debug\link.3408.write.1.tlog
D:\Coding\Vsproject\bootos\bootos\Debug\link.3408-cvtres.read.1.tlog
D:\Coding\Vsproject\bootos\bootos\Debug\link.3408-cvtres.write.1.tlog
D:\Coding\Vsproject\bootos\bootos\Debug\link.5516.read.1.tlog
D:\Coding\Vsproject\bootos\bootos\Debug\link.5516.write.1.tlog
D:\Coding\Vsproject\bootos\bootos\Debug\link.5516-cvtres.read.1.tlog
D:\Coding\Vsproject\bootos\bootos\Debug\link.5516-cvtres.write.1.tlog
D:\Coding\Vsproject\bootos\bootos\Debug\link.8348.read.1.tlog
D:\Coding\Vsproject\bootos\bootos\Debug\link.8348.write.1.tlog
D:\Coding\Vsproject\bootos\bootos\Debug\link.8348-cvtres.read.1.tlog
D:\Coding\Vsproject\bootos\bootos\Debug\link.8348-cvtres.write.1.tlog
D:\Coding\Vsproject\bootos\bootos\Debug\link.9568.read.1.tlog
D:\Coding\Vsproject\bootos\bootos\Debug\link.9568.write.1.tlog
D:\Coding\Vsproject\bootos\bootos\Debug\link.9568-cvtres.read.1.tlog
D:\Coding\Vsproject\bootos\bootos\Debug\link.9568-cvtres.write.1.tlog
D:\Coding\Vsproject\bootos\bootos\Debug\link.command.1.tlog
D:\Coding\Vsproject\bootos\bootos\Debug\link.read.1.tlog
D:\Coding\Vsproject\bootos\bootos\Debug\link.write.1.tlog
D:\Coding\Vsproject\bootos\bootos\Debug\link-cvtres.read.1.tlog
D:\Coding\Vsproject\bootos\bootos\Debug\link-cvtres.write.1.tlog
D:\CODING\VSPROJECT\BOOTOS\BOOTOS\DEBUG\LOGGER.OBJ
D:\CODING\VSPROJECT\BOOTOS\BOOTOS\DEBUG\MAIN.OBJ
D:\Coding\Vsproject\bootos\bootos\Debug\mt.command.1.tlog
D:\Coding\Vsproject\bootos\bootos\Debug\mt.read.1.tlog
D:\Coding\Vsproject\bootos\bootos\Debug\mt.write.1.tlog
D:\Coding\Vsproject\bootos\bootos\Debug\rc.command.1.tlog
D:\Coding\Vsproject\bootos\bootos\Debug\rc.read.1.tlog
D:\Coding\Vsproject\bootos\bootos\Debug\rc.write.1.tlog
D:\Coding\Vsproject\bootos\bootos\Debug\vc100.idb
D:\CODING\VSPROJECT\BOOTOS\BOOTOS\DEBUG\VC100.PDB
D:\CODING\VSPROJECT\BOOTOS\DEBUG\BOOTOS.EXE
D:\CODING\VSPROJECT\BOOTOS\DEBUG\BOOTOS.ILK
D:\CODING\VSPROJECT\BOOTOS\DEBUG\BOOTOS.PDB
